0 info it worked if it ends with ok
1 verbose cli [ '/usr/local/bin/node',
1 verbose cli   '/usr/local/bin/npm',
1 verbose cli   'i',
1 verbose cli   'lockr',
1 verbose cli   '--save' ]
2 info using npm@3.10.10
3 info using node@v6.11.1
4 silly loadCurrentTree Starting
5 silly install loadCurrentTree
6 silly install readLocalPackageData
7 silly fetchPackageMetaData lockr
8 silly fetchNamedPackageData lockr
9 silly mapToRegistry name lockr
10 silly mapToRegistry using default registry
11 silly mapToRegistry registry https://registry.npmjs.org/
12 silly mapToRegistry data Result {
12 silly mapToRegistry   raw: 'lockr',
12 silly mapToRegistry   scope: null,
12 silly mapToRegistry   escapedName: 'lockr',
12 silly mapToRegistry   name: 'lockr',
12 silly mapToRegistry   rawSpec: '',
12 silly mapToRegistry   spec: 'latest',
12 silly mapToRegistry   type: 'tag' }
13 silly mapToRegistry uri https://registry.npmjs.org/lockr
14 verbose request uri https://registry.npmjs.org/lockr
15 verbose request no auth needed
16 info attempt registry request try #1 at 9:48:19 AM
17 verbose request id 3d5ee30d14cccc04
18 http request GET https://registry.npmjs.org/lockr
19 info retry will retry, error on last attempt: Error: tunneling socket could not be established, cause=getaddrinfo ENOTFOUND mgu339 mgu339:80
20 info attempt registry request try #2 at 9:48:29 AM
21 http request GET https://registry.npmjs.org/lockr
22 info retry will retry, error on last attempt: Error: tunneling socket could not be established, cause=getaddrinfo ENOTFOUND mgu339 mgu339:80
23 info attempt registry request try #3 at 9:49:29 AM
24 http request GET https://registry.npmjs.org/lockr
25 silly fetchPackageMetaData Error: tunneling socket could not be established, cause=getaddrinfo ENOTFOUND mgu339 mgu339:80
25 silly fetchPackageMetaData     at ClientRequest.onError (/usr/local/lib/node_modules/npm/node_modules/request/node_modules/tunnel-agent/index.js:176:17)
25 silly fetchPackageMetaData     at ClientRequest.g (events.js:292:16)
25 silly fetchPackageMetaData     at emitOne (events.js:96:13)
25 silly fetchPackageMetaData     at ClientRequest.emit (events.js:188:7)
25 silly fetchPackageMetaData     at Socket.socketErrorListener (_http_client.js:309:9)
25 silly fetchPackageMetaData     at emitOne (events.js:96:13)
25 silly fetchPackageMetaData     at Socket.emit (events.js:188:7)
25 silly fetchPackageMetaData     at connectErrorNT (net.js:1021:8)
25 silly fetchPackageMetaData     at _combinedTickCallback (internal/process/next_tick.js:80:11)
25 silly fetchPackageMetaData     at process._tickCallback (internal/process/next_tick.js:104:9)
25 silly fetchPackageMetaData  error for lockr { Error: tunneling socket could not be established, cause=getaddrinfo ENOTFOUND mgu339 mgu339:80
25 silly fetchPackageMetaData     at ClientRequest.onError (/usr/local/lib/node_modules/npm/node_modules/request/node_modules/tunnel-agent/index.js:176:17)
25 silly fetchPackageMetaData     at ClientRequest.g (events.js:292:16)
25 silly fetchPackageMetaData     at emitOne (events.js:96:13)
25 silly fetchPackageMetaData     at ClientRequest.emit (events.js:188:7)
25 silly fetchPackageMetaData     at Socket.socketErrorListener (_http_client.js:309:9)
25 silly fetchPackageMetaData     at emitOne (events.js:96:13)
25 silly fetchPackageMetaData     at Socket.emit (events.js:188:7)
25 silly fetchPackageMetaData     at connectErrorNT (net.js:1021:8)
25 silly fetchPackageMetaData     at _combinedTickCallback (internal/process/next_tick.js:80:11)
25 silly fetchPackageMetaData     at process._tickCallback (internal/process/next_tick.js:104:9) code: 'ECONNRESET' }
26 silly rollbackFailedOptional Starting
27 silly rollbackFailedOptional Finishing
28 silly runTopLevelLifecycles Finishing
29 silly install printInstalled
30 verbose stack Error: tunneling socket could not be established, cause=getaddrinfo ENOTFOUND mgu339 mgu339:80
30 verbose stack     at ClientRequest.onError (/usr/local/lib/node_modules/npm/node_modules/request/node_modules/tunnel-agent/index.js:176:17)
30 verbose stack     at ClientRequest.g (events.js:292:16)
30 verbose stack     at emitOne (events.js:96:13)
30 verbose stack     at ClientRequest.emit (events.js:188:7)
30 verbose stack     at Socket.socketErrorListener (_http_client.js:309:9)
30 verbose stack     at emitOne (events.js:96:13)
30 verbose stack     at Socket.emit (events.js:188:7)
30 verbose stack     at connectErrorNT (net.js:1021:8)
30 verbose stack     at _combinedTickCallback (internal/process/next_tick.js:80:11)
30 verbose stack     at process._tickCallback (internal/process/next_tick.js:104:9)
31 verbose cwd /Users/mgu339/Developer/unit_1/unit-1-project/libraries
32 error Darwin 16.7.0
33 error argv "/usr/local/bin/node" "/usr/local/bin/npm" "i" "lockr" "--save"
34 error node v6.11.1
35 error npm  v3.10.10
36 error code ECONNRESET
37 error network tunneling socket could not be established, cause=getaddrinfo ENOTFOUND mgu339 mgu339:80
38 error network This is most likely not a problem with npm itself
38 error network and is related to network connectivity.
38 error network In most cases you are behind a proxy or have bad network settings.
38 error network
38 error network If you are behind a proxy, please make sure that the
38 error network 'proxy' config is set properly.  See: 'npm help config'
39 verbose exit [ 1, true ]
